<?xml version="1.0" encoding="UTF-8" ?>
<testsuites errors="1"
            failures="1"
            tests="1">

  <testsuite name="NightwatchTest"
    errors="1" failures="1" hostname="" id="" package="NightwatchTest" skipped="0"
    tests="1" time="11.70" timestamp="">
  
    <testcase name="Opening initial page" classname="NightwatchTest" time="11.70" assertions="2">

      <failure message="Testing if element &lt;#pagination&gt; is visible in 5000ms - expected &#34;is visible&#34; but got: &#34;element could not be located&#34; (5178ms)">    at Object.Opening initial page (D:\Dokumenty\Studia_poli\6th semester\Webapp_with_react\assignments_repository\src\tests\BrowserTests\NightwatchTest.js:6:21)
    at processTicksAndRejections (internal/process/task_queues.js:93:5)</failure>

    
    <error message="Error while running &#34;visible&#34; command: Testing if element [0;33m&lt;#pagination&gt;[0m is visible in 5000ms - expected [0;32m&#34;is visible&#34;[0m but got: [0;31m&#34;element could not be located&#34;[0m [0;90m(5178ms)[0m" type="error"><![CDATA[
        at Object.Opening initial page (D:\Dokumenty\Studia_poli\6th semester\Webapp_with_react\assignments_repository\src\tests\BrowserTests\NightwatchTest.js:6:21)
    at processTicksAndRejections (internal/process/task_queues.js:93:5)
    ]]></error>
    
    </testcase>
  

  
    <system-err>
        NoSuchElementError: An error occurred while running .isVisible() command on &lt;#pagination&gt;: 
   {&#34;value&#34;:[]}
       at processTicksAndRejections (internal/process/task_queues.js:93:5)
    </system-err>
  

    

  
  </testsuite>
</testsuites>
